<?xml version="1.0" encoding="UTF-8"?>
<testsuite name="rspec" tests="525" skipped="0" failures="0" errors="0" time="0.167964" timestamp="2026-05-27T17:46:25+05:30" hostname="Soumyadeeps-MacBook-Air.local">
<properties>
<property name="seed" value="46002"/>
</properties>
<testcase classname="spec.console_kit.output_spec" name="ConsoleKit::Output standard outputs behaves like ConsoleKit output formatter includes the message text for print_info" file="./spec/console_kit/output_spec.rb" time="0.001191"></testcase>
<testcase classname="spec.console_kit.output_spec" name="ConsoleKit::Output standard outputs behaves like ConsoleKit output formatter includes ANSI color code for print_info" file="./spec/console_kit/output_spec.rb" time="0.000053"></testcase>
<testcase classname="spec.console_kit.output_spec" name="ConsoleKit::Output standard outputs behaves like ConsoleKit output formatter has no ANSI codes when pretty_output off or no code for print_info" file="./spec/console_kit/output_spec.rb" time="0.000414"></testcase>
<testcase classname="spec.console_kit.output_spec" name="ConsoleKit::Output standard outputs behaves like ConsoleKit output formatter includes symbol for print_info" file="./spec/console_kit/output_spec.rb" time="0.000035"></testcase>
<testcase classname="spec.console_kit.output_spec" name="ConsoleKit::Output standard outputs behaves like ConsoleKit output formatter includes [ConsoleKit] prefix for print_info" file="./spec/console_kit/output_spec.rb" time="0.000038"></testcase>
<testcase classname="spec.console_kit.output_spec" name="ConsoleKit::Output standard outputs behaves like ConsoleKit output formatter includes ANSI color code for print_prompt" file="./spec/console_kit/output_spec.rb" time="0.000043"></testcase>
<testcase classname="spec.console_kit.output_spec" name="ConsoleKit::Output standard outputs behaves like ConsoleKit output formatter includes [ConsoleKit] prefix for print_prompt" file="./spec/console_kit/output_spec.rb" time="0.000037"></testcase>
<testcase classname="spec.console_kit.output_spec" name="ConsoleKit::Output standard outputs behaves like ConsoleKit output formatter has no ANSI codes when pretty_output off or no code for print_prompt" file="./spec/console_kit/output_spec.rb" time="0.000027"></testcase>
<testcase classname="spec.console_kit.output_spec" name="ConsoleKit::Output standard outputs behaves like ConsoleKit output formatter includes symbol for print_prompt" file="./spec/console_kit/output_spec.rb" time="0.000030"></testcase>
<testcase classname="spec.console_kit.output_spec" name="ConsoleKit::Output standard outputs behaves like ConsoleKit output formatter includes the message text for print_prompt" file="./spec/console_kit/output_spec.rb" time="0.000035"></testcase>
<testcase classname="spec.console_kit.output_spec" name="ConsoleKit::Output standard outputs behaves like ConsoleKit output formatter includes [ConsoleKit] prefix for print_success" file="./spec/console_kit/output_spec.rb" time="0.000038"></testcase>
<testcase classname="spec.console_kit.output_spec" name="ConsoleKit::Output standard outputs behaves like ConsoleKit output formatter includes the message text for print_success" file="./spec/console_kit/output_spec.rb" time="0.000035"></testcase>
<testcase classname="spec.console_kit.output_spec" name="ConsoleKit::Output standard outputs behaves like ConsoleKit output formatter has no ANSI codes when pretty_output off or no code for print_success" file="./spec/console_kit/output_spec.rb" time="0.000042"></testcase>
<testcase classname="spec.console_kit.output_spec" name="ConsoleKit::Output standard outputs behaves like ConsoleKit output formatter includes symbol for print_success" file="./spec/console_kit/output_spec.rb" time="0.000034"></testcase>
<testcase classname="spec.console_kit.output_spec" name="ConsoleKit::Output standard outputs behaves like ConsoleKit output formatter includes ANSI color code for print_success" file="./spec/console_kit/output_spec.rb" time="0.000040"></testcase>
<testcase classname="spec.console_kit.output_spec" name="ConsoleKit::Output standard outputs behaves like ConsoleKit output formatter has no ANSI codes when pretty_output off or no code for print_header" file="./spec/console_kit/output_spec.rb" time="0.000030"></testcase>
<testcase classname="spec.console_kit.output_spec" name="ConsoleKit::Output standard outputs behaves like ConsoleKit output formatter includes the message text for print_header" file="./spec/console_kit/output_spec.rb" time="0.000036"></testcase>
<testcase classname="spec.console_kit.output_spec" name="ConsoleKit::Output standard outputs behaves like ConsoleKit output formatter includes symbol for print_header" file="./spec/console_kit/output_spec.rb" time="0.000029"></testcase>
<testcase classname="spec.console_kit.output_spec" name="ConsoleKit::Output standard outputs behaves like ConsoleKit output formatter includes [ConsoleKit] prefix for print_header" file="./spec/console_kit/output_spec.rb" time="0.000033"></testcase>
<testcase classname="spec.console_kit.output_spec" name="ConsoleKit::Output standard outputs behaves like ConsoleKit output formatter includes ANSI color code for print_header" file="./spec/console_kit/output_spec.rb" time="0.000035"></testcase>
<testcase classname="spec.console_kit.output_spec" name="ConsoleKit::Output standard outputs behaves like ConsoleKit output formatter includes [ConsoleKit] prefix for print_warning" file="./spec/console_kit/output_spec.rb" time="0.000037"></testcase>
<testcase classname="spec.console_kit.output_spec" name="ConsoleKit::Output standard outputs behaves like ConsoleKit output formatter includes symbol for print_warning" file="./spec/console_kit/output_spec.rb" time="0.000034"></testcase>
<testcase classname="spec.console_kit.output_spec" name="ConsoleKit::Output standard outputs behaves like ConsoleKit output formatter includes ANSI color code for print_warning" file="./spec/console_kit/output_spec.rb" time="0.000036"></testcase>
<testcase classname="spec.console_kit.output_spec" name="ConsoleKit::Output standard outputs behaves like ConsoleKit output formatter includes the message text for print_warning" file="./spec/console_kit/output_spec.rb" time="0.000034"></testcase>
<testcase classname="spec.console_kit.output_spec" name="ConsoleKit::Output standard outputs behaves like ConsoleKit output formatter has no ANSI codes when pretty_output off or no code for print_warning" file="./spec/console_kit/output_spec.rb" time="0.000040"></testcase>
<testcase classname="spec.console_kit.output_spec" name="ConsoleKit::Output standard outputs behaves like ConsoleKit output formatter includes [ConsoleKit] prefix for print_error" file="./spec/console_kit/output_spec.rb" time="0.000045"></testcase>
<testcase classname="spec.console_kit.output_spec" name="ConsoleKit::Output standard outputs behaves like ConsoleKit output formatter includes symbol for print_error" file="./spec/console_kit/output_spec.rb" time="0.000038"></testcase>
<testcase classname="spec.console_kit.output_spec" name="ConsoleKit::Output standard outputs behaves like ConsoleKit output formatter has no ANSI codes when pretty_output off or no code for print_error" file="./spec/console_kit/output_spec.rb" time="0.000029"></testcase>
<testcase classname="spec.console_kit.output_spec" name="ConsoleKit::Output standard outputs behaves like ConsoleKit output formatter includes the message text for print_error" file="./spec/console_kit/output_spec.rb" time="0.000035"></testcase>
<testcase classname="spec.console_kit.output_spec" name="ConsoleKit::Output standard outputs behaves like ConsoleKit output formatter includes ANSI color code for print_error" file="./spec/console_kit/output_spec.rb" time="0.000038"></testcase>
<testcase classname="spec.console_kit.output_spec" name="ConsoleKit::Output timestamp support includes timestamp when enabled" file="./spec/console_kit/output_spec.rb" time="0.003207"></testcase>
<testcase classname="spec.console_kit.output_spec" name="ConsoleKit::Output timestamp support includes ConsoleKit prefix with timestamp" file="./spec/console_kit/output_spec.rb" time="0.000113"></testcase>
<testcase classname="spec.console_kit.output_spec" name="ConsoleKit::Output timestamp support includes message text with timestamp" file="./spec/console_kit/output_spec.rb" time="0.000089"></testcase>
<testcase classname="spec.console_kit.output_spec" name="ConsoleKit::Output#print_backtrace includes second backtrace line" file="./spec/console_kit/output_spec.rb" time="0.000050"></testcase>
<testcase classname="spec.console_kit.output_spec" name="ConsoleKit::Output#print_backtrace includes first backtrace line" file="./spec/console_kit/output_spec.rb" time="0.000040"></testcase>
<testcase classname="spec.console_kit.output_spec" name="ConsoleKit::Output#print_backtrace formats with color when pretty_output enabled" file="./spec/console_kit/output_spec.rb" time="0.000040"></testcase>
<testcase classname="spec.console_kit.output_spec" name="ConsoleKit::Output#print_backtrace handles nil exception gracefully" file="./spec/console_kit/output_spec.rb" time="0.000896"></testcase>
<testcase classname="spec.console_kit.output_spec" name="ConsoleKit::Output#print_backtrace handles exception with nil backtrace" file="./spec/console_kit/output_spec.rb" time="0.000038"></testcase>
<testcase classname="spec.console_kit.output_spec" name="ConsoleKit::Output pretty_output false behaves like ConsoleKit output formatter includes the message text for print_prompt" file="./spec/console_kit/output_spec.rb" time="0.000042"></testcase>
<testcase classname="spec.console_kit.output_spec" name="ConsoleKit::Output pretty_output false behaves like ConsoleKit output formatter includes symbol for print_prompt" file="./spec/console_kit/output_spec.rb" time="0.000031"></testcase>
<testcase classname="spec.console_kit.output_spec" name="ConsoleKit::Output pretty_output false behaves like ConsoleKit output formatter includes [ConsoleKit] prefix for print_prompt" file="./spec/console_kit/output_spec.rb" time="0.000035"></testcase>
<testcase classname="spec.console_kit.output_spec" name="ConsoleKit::Output pretty_output false behaves like ConsoleKit output formatter has no ANSI codes when pretty_output off or no code for print_prompt" file="./spec/console_kit/output_spec.rb" time="0.000038"></testcase>
<testcase classname="spec.console_kit.output_spec" name="ConsoleKit::Output pretty_output false behaves like ConsoleKit output formatter includes ANSI color code for print_prompt" file="./spec/console_kit/output_spec.rb" time="0.000026"></testcase>
<testcase classname="spec.console_kit.output_spec" name="ConsoleKit::Output pretty_output false behaves like ConsoleKit output formatter includes [ConsoleKit] prefix for print_error" file="./spec/console_kit/output_spec.rb" time="0.000039"></testcase>
<testcase classname="spec.console_kit.output_spec" name="ConsoleKit::Output pretty_output false behaves like ConsoleKit output formatter includes ANSI color code for print_error" file="./spec/console_kit/output_spec.rb" time="0.000026"></testcase>
<testcase classname="spec.console_kit.output_spec" name="ConsoleKit::Output pretty_output false behaves like ConsoleKit output formatter includes symbol for print_error" file="./spec/console_kit/output_spec.rb" time="0.000034"></testcase>
<testcase classname="spec.console_kit.output_spec" name="ConsoleKit::Output pretty_output false behaves like ConsoleKit output formatter includes the message text for print_error" file="./spec/console_kit/output_spec.rb" time="0.000034"></testcase>
<testcase classname="spec.console_kit.output_spec" name="ConsoleKit::Output pretty_output false behaves like ConsoleKit output formatter has no ANSI codes when pretty_output off or no code for print_error" file="./spec/console_kit/output_spec.rb" time="0.000052"></testcase>
<testcase classname="spec.console_kit.output_spec" name="ConsoleKit::Output pretty_output false behaves like ConsoleKit output formatter includes [ConsoleKit] prefix for print_info" file="./spec/console_kit/output_spec.rb" time="0.000039"></testcase>
<testcase classname="spec.console_kit.output_spec" name="ConsoleKit::Output pretty_output false behaves like ConsoleKit output formatter includes symbol for print_info" file="./spec/console_kit/output_spec.rb" time="0.000031"></testcase>
<testcase classname="spec.console_kit.output_spec" name="ConsoleKit::Output pretty_output false behaves like ConsoleKit output formatter includes ANSI color code for print_info" file="./spec/console_kit/output_spec.rb" time="0.000026"></testcase>
<testcase classname="spec.console_kit.output_spec" name="ConsoleKit::Output pretty_output false behaves like ConsoleKit output formatter includes the message text for print_info" file="./spec/console_kit/output_spec.rb" time="0.000034"></testcase>
<testcase classname="spec.console_kit.output_spec" name="ConsoleKit::Output pretty_output false behaves like ConsoleKit output formatter has no ANSI codes when pretty_output off or no code for print_info" file="./spec/console_kit/output_spec.rb" time="0.000035"></testcase>
<testcase classname="spec.console_kit.output_spec" name="ConsoleKit::Output pretty_output false behaves like ConsoleKit output formatter has no ANSI codes when pretty_output off or no code for print_success" file="./spec/console_kit/output_spec.rb" time="0.000038"></testcase>
<testcase classname="spec.console_kit.output_spec" name="ConsoleKit::Output pretty_output false behaves like ConsoleKit output formatter includes [ConsoleKit] prefix for print_success" file="./spec/console_kit/output_spec.rb" time="0.000035"></testcase>
<testcase classname="spec.console_kit.output_spec" name="ConsoleKit::Output pretty_output false behaves like ConsoleKit output formatter includes symbol for print_success" file="./spec/console_kit/output_spec.rb" time="0.000034"></testcase>
<testcase classname="spec.console_kit.output_spec" name="ConsoleKit::Output pretty_output false behaves like ConsoleKit output formatter includes ANSI color code for print_success" file="./spec/console_kit/output_spec.rb" time="0.000025"></testcase>
<testcase classname="spec.console_kit.output_spec" name="ConsoleKit::Output pretty_output false behaves like ConsoleKit output formatter includes the message text for print_success" file="./spec/console_kit/output_spec.rb" time="0.000037"></testcase>
<testcase classname="spec.console_kit.output_spec" name="ConsoleKit::Output pretty_output false behaves like ConsoleKit output formatter includes ANSI color code for print_warning" file="./spec/console_kit/output_spec.rb" time="0.000028"></testcase>
<testcase classname="spec.console_kit.output_spec" name="ConsoleKit::Output pretty_output false behaves like ConsoleKit output formatter includes [ConsoleKit] prefix for print_warning" file="./spec/console_kit/output_spec.rb" time="0.000036"></testcase>
<testcase classname="spec.console_kit.output_spec" name="ConsoleKit::Output pretty_output false behaves like ConsoleKit output formatter has no ANSI codes when pretty_output off or no code for print_warning" file="./spec/console_kit/output_spec.rb" time="0.000035"></testcase>
<testcase classname="spec.console_kit.output_spec" name="ConsoleKit::Output pretty_output false behaves like ConsoleKit output formatter includes the message text for print_warning" file="./spec/console_kit/output_spec.rb" time="0.000034"></testcase>
<testcase classname="spec.console_kit.output_spec" name="ConsoleKit::Output pretty_output false behaves like ConsoleKit output formatter includes symbol for print_warning" file="./spec/console_kit/output_spec.rb" time="0.000033"></testcase>
<testcase classname="spec.console_kit.output_spec" name="ConsoleKit::Output pretty_output false behaves like ConsoleKit output formatter includes the message text for print_header" file="./spec/console_kit/output_spec.rb" time="0.000036"></testcase>
<testcase classname="spec.console_kit.output_spec" name="ConsoleKit::Output pretty_output false behaves like ConsoleKit output formatter includes ANSI color code for print_header" file="./spec/console_kit/output_spec.rb" time="0.000027"></testcase>
<testcase classname="spec.console_kit.output_spec" name="ConsoleKit::Output pretty_output false behaves like ConsoleKit output formatter has no ANSI codes when pretty_output off or no code for print_header" file="./spec/console_kit/output_spec.rb" time="0.000036"></testcase>
<testcase classname="spec.console_kit.output_spec" name="ConsoleKit::Output pretty_output false behaves like ConsoleKit output formatter includes symbol for print_header" file="./spec/console_kit/output_spec.rb" time="0.000029"></testcase>
<testcase classname="spec.console_kit.output_spec" name="ConsoleKit::Output pretty_output false behaves like ConsoleKit output formatter includes [ConsoleKit] prefix for print_header" file="./spec/console_kit/output_spec.rb" time="0.000033"></testcase>
<testcase classname="spec.console_kit.output_spec" name="ConsoleKit::Output ANSI output readability removes ANSI codes correctly from output" file="./spec/console_kit/output_spec.rb" time="0.000043"></testcase>
<testcase classname="spec.console_kit.output_spec" name="ConsoleKit::Output.print_banner includes box border characters" file="./spec/console_kit/output_spec.rb" time="0.000043"></testcase>
<testcase classname="spec.console_kit.output_spec" name="ConsoleKit::Output.print_banner outputs bordered lines to stdout" file="./spec/console_kit/output_spec.rb" time="0.000038"></testcase>
<testcase classname="spec.console_kit.connections.shard_strategy_spec" name="ConsoleKit::Connections::ShardStrategy raises NotImplementedError for available?" file="./spec/console_kit/connections/shard_strategy_spec.rb" time="0.000546"></testcase>
<testcase classname="spec.console_kit.connections.shard_strategy_spec" name="ConsoleKit::Connections::ShardStrategy raises NotImplementedError for wrap" file="./spec/console_kit/connections/shard_strategy_spec.rb" time="0.000040"></testcase>
<testcase classname="spec.console_kit.steps.env_resolver_spec" name="ConsoleKit::Steps::EnvResolver matches tenant case-insensitively" file="./spec/console_kit/steps/env_resolver_spec.rb" time="0.000387"></testcase>
<testcase classname="spec.console_kit.steps.env_resolver_spec" name="ConsoleKit::Steps::EnvResolver returns success when ENV var not set" file="./spec/console_kit/steps/env_resolver_spec.rb" time="0.000318"></testcase>
<testcase classname="spec.console_kit.steps.env_resolver_spec" name="ConsoleKit::Steps::EnvResolver does not set resolved_tenant when ENV not set" file="./spec/console_kit/steps/env_resolver_spec.rb" time="0.000425"></testcase>
<testcase classname="spec.console_kit.steps.env_resolver_spec" name="ConsoleKit::Steps::EnvResolver returns failure when ENV set but tenant not found" file="./spec/console_kit/steps/env_resolver_spec.rb" time="0.000049"></testcase>
<testcase classname="spec.console_kit.steps.env_resolver_spec" name="ConsoleKit::Steps::EnvResolver sets skip_selector true when ENV matches" file="./spec/console_kit/steps/env_resolver_spec.rb" time="0.000042"></testcase>
<testcase classname="spec.console_kit.steps.env_resolver_spec" name="ConsoleKit::Steps::EnvResolver sets resolved_tenant from ENV var" file="./spec/console_kit/steps/env_resolver_spec.rb" time="0.000038"></testcase>
<testcase classname="spec.console_kit.steps.env_resolver_spec" name="ConsoleKit::Steps::EnvResolver when tenants is :dynamic returns success" file="./spec/console_kit/steps/env_resolver_spec.rb" time="0.000045"></testcase>
<testcase classname="spec.console_kit.steps.env_resolver_spec" name="ConsoleKit::Steps::EnvResolver when tenants is :dynamic resolves the env value directly as a symbol" file="./spec/console_kit/steps/env_resolver_spec.rb" time="0.000039"></testcase>
<testcase classname="spec.console_kit.doctor.check_runner_spec" name="ConsoleKit::Doctor::CheckRunner#run runs all registered checks" file="./spec/console_kit/doctor/check_runner_spec.rb" time="0.000089"></testcase>
<testcase classname="spec.console_kit.doctor.check_runner_spec" name="ConsoleKit::Doctor::CheckRunner#run returns an array of Results" file="./spec/console_kit/doctor/check_runner_spec.rb" time="0.000587"></testcase>
<testcase classname="spec.console_kit.doctor.checks.hook_callable_arity_spec" name="ConsoleKit::Doctor::Checks::HookCallableArity when a hook has invalid arity of 0 returns warn status" file="./spec/console_kit/doctor/checks/hook_callable_arity_spec.rb" time="0.000049"></testcase>
<testcase classname="spec.console_kit.doctor.checks.hook_callable_arity_spec" name="ConsoleKit::Doctor::Checks::HookCallableArity when a hook has invalid arity of 0 includes arity info in the message" file="./spec/console_kit/doctor/checks/hook_callable_arity_spec.rb" time="0.000040"></testcase>
<testcase classname="spec.console_kit.doctor.checks.hook_callable_arity_spec" name="ConsoleKit::Doctor::Checks::HookCallableArity when hooks have valid arity of 1 returns ok status" file="./spec/console_kit/doctor/checks/hook_callable_arity_spec.rb" time="0.000037"></testcase>
<testcase classname="spec.console_kit.doctor.checks.hook_callable_arity_spec" name="ConsoleKit::Doctor::Checks::HookCallableArity when hooks have valid arity of -1 (splat) returns ok status" file="./spec/console_kit/doctor/checks/hook_callable_arity_spec.rb" time="0.000037"></testcase>
<testcase classname="spec.console_kit.doctor.checks.hook_callable_arity_spec" name="ConsoleKit::Doctor::Checks::HookCallableArity when a hook has invalid arity of 2 returns warn status" file="./spec/console_kit/doctor/checks/hook_callable_arity_spec.rb" time="0.000036"></testcase>
<testcase classname="spec.console_kit.doctor.checks.hook_callable_arity_spec" name="ConsoleKit::Doctor::Checks::HookCallableArity when a hook has invalid arity of 2 includes arity info in the message" file="./spec/console_kit/doctor/checks/hook_callable_arity_spec.rb" time="0.000035"></testcase>
<testcase classname="spec.console_kit.doctor.checks.hook_callable_arity_spec" name="ConsoleKit::Doctor::Checks::HookCallableArity when no hooks are registered returns ok status" file="./spec/console_kit/doctor/checks/hook_callable_arity_spec.rb" time="0.000033"></testcase>
<testcase classname="spec.console_kit.doctor.checks.hook_callable_arity_spec" name="ConsoleKit::Doctor::Checks::HookCallableArity when no hooks are registered returns valid message" file="./spec/console_kit/doctor/checks/hook_callable_arity_spec.rb" time="0.000032"></testcase>
<testcase classname="spec.console_kit.steps.shard_connector_spec" name="ConsoleKit::Steps::ShardConnector when sharding enabled and available sets ctx.resolved_shard" file="./spec/console_kit/steps/shard_connector_spec.rb" time="0.000267"></testcase>
<testcase classname="spec.console_kit.steps.shard_connector_spec" name="ConsoleKit::Steps::ShardConnector when sharding enabled and available sets ctx.shard_strategy" file="./spec/console_kit/steps/shard_connector_spec.rb" time="0.000131"></testcase>
<testcase classname="spec.console_kit.steps.shard_connector_spec" name="ConsoleKit::Steps::ShardConnector when sharding enabled but strategy unavailable returns success" file="./spec/console_kit/steps/shard_connector_spec.rb" time="0.000085"></testcase>
<testcase classname="spec.console_kit.steps.shard_connector_spec" name="ConsoleKit::Steps::ShardConnector when use_rails_sharding is false does not set ctx.shard_strategy" file="./spec/console_kit/steps/shard_connector_spec.rb" time="0.000042"></testcase>
<testcase classname="spec.console_kit.steps.shard_connector_spec" name="ConsoleKit::Steps::ShardConnector when use_rails_sharding is false returns success without setting shard_strategy" file="./spec/console_kit/steps/shard_connector_spec.rb" time="0.000036"></testcase>
<testcase classname="spec.console_kit.scoped_switcher_spec" name="ConsoleKit::ScopedSwitcher.for returns DefaultScopedSwitcher when sharding disabled" file="./spec/console_kit/scoped_switcher_spec.rb" time="0.000139"></testcase>
<testcase classname="spec.console_kit.scoped_switcher_spec" name="ConsoleKit::ScopedSwitcher.for when sharding is enabled and available returns ShardedScopedSwitcher" file="./spec/console_kit/scoped_switcher_spec.rb" time="0.000144"></testcase>
<testcase classname="spec.console_kit.scoped_switcher_spec" name="ConsoleKit::ScopedSwitcher ConsoleKit::ShardedScopedSwitcher wraps block in strategy with shard and role" file="./spec/console_kit/scoped_switcher_spec.rb" time="0.000670"></testcase>
<testcase classname="spec.console_kit.scoped_switcher_spec" name="ConsoleKit::ScopedSwitcher ConsoleKit::ShardedScopedSwitcher yields the block" file="./spec/console_kit/scoped_switcher_spec.rb" time="0.000290"></testcase>
<testcase classname="spec.console_kit.scoped_switcher_spec" name="ConsoleKit::ScopedSwitcher ConsoleKit::ShardedScopedSwitcher restores previous tenant after exception" file="./spec/console_kit/scoped_switcher_spec.rb" time="0.000250"></testcase>
<testcase classname="spec.console_kit.scoped_switcher_spec" name="ConsoleKit::ScopedSwitcher ConsoleKit::ShardedScopedSwitcher resolves shard for the tenant key" file="./spec/console_kit/scoped_switcher_spec.rb" time="0.000258"></testcase>
<testcase classname="spec.console_kit.scoped_switcher_spec" name="ConsoleKit::ScopedSwitcher ConsoleKit::ShardedScopedSwitcher re-raises exceptions from the block" file="./spec/console_kit/scoped_switcher_spec.rb" time="0.000226"></testcase>
<testcase classname="spec.console_kit.scoped_switcher_spec" name="ConsoleKit::ScopedSwitcher ConsoleKit::ShardedScopedSwitcher restores previous tenant after block" file="./spec/console_kit/scoped_switcher_spec.rb" time="0.000224"></testcase>
<testcase classname="spec.console_kit.scoped_switcher_spec" name="ConsoleKit::ScopedSwitcher ConsoleKit::DefaultScopedSwitcher runs pipeline for previous tenant when popping" file="./spec/console_kit/scoped_switcher_spec.rb" time="0.000123"></testcase>
<testcase classname="spec.console_kit.scoped_switcher_spec" name="ConsoleKit::ScopedSwitcher ConsoleKit::DefaultScopedSwitcher restores previous tenant after block" file="./spec/console_kit/scoped_switcher_spec.rb" time="0.000088"></testcase>
<testcase classname="spec.console_kit.scoped_switcher_spec" name="ConsoleKit::ScopedSwitcher ConsoleKit::DefaultScopedSwitcher yields block" file="./spec/console_kit/scoped_switcher_spec.rb" time="0.000078"></testcase>
<testcase classname="spec.console_kit.scoped_switcher_spec" name="ConsoleKit::ScopedSwitcher ConsoleKit::DefaultScopedSwitcher when the block raises an exception re-raises the exception" file="./spec/console_kit/scoped_switcher_spec.rb" time="0.000098"></testcase>
<testcase classname="spec.console_kit.scoped_switcher_spec" name="ConsoleKit::ScopedSwitcher ConsoleKit::DefaultScopedSwitcher when the block raises an exception restores previous tenant after exception" file="./spec/console_kit/scoped_switcher_spec.rb" time="0.000091"></testcase>
<testcase classname="spec.console_kit.railtie_spec" name="ConsoleKit Railtie blocks console block behavior (IRB path) includes ConsoleHelpers into IRB::ExtendCommandBundle" file="./spec/console_kit/railtie_spec.rb" time="0.000110"></testcase>
<testcase classname="spec.console_kit.railtie_spec" name="ConsoleKit Railtie blocks console block behavior (non-IRB path) extends TOPLEVEL_BINDING receiver with ConsoleHelpers" file="./spec/console_kit/railtie_spec.rb" time="0.000168"></testcase>
<testcase classname="spec.console_kit.railtie_spec" name="ConsoleKit Railtie blocks to_prepare block behavior runs SwitchPipeline when Rails::Console is defined" file="./spec/console_kit/railtie_spec.rb" time="0.000097"></testcase>
<testcase classname="spec.console_kit.doctor.checks.adapter_supported_spec" name="ConsoleKit::Doctor::Checks::AdapterSupported when ActiveRecord is not loaded returns ok status" file="./spec/console_kit/doctor/checks/adapter_supported_spec.rb" time="0.000046"></testcase>
<testcase classname="spec.console_kit.doctor.checks.adapter_supported_spec" name="ConsoleKit::Doctor::Checks::AdapterSupported when ActiveRecord is not loaded returns not-loaded message" file="./spec/console_kit/doctor/checks/adapter_supported_spec.rb" time="0.000036"></testcase>
<testcase classname="spec.console_kit.doctor.checks.adapter_supported_spec" name="ConsoleKit::Doctor::Checks::AdapterSupported when ActiveRecord is loaded when adapter is unsupported names the adapter in the message" file="./spec/console_kit/doctor/checks/adapter_supported_spec.rb" time="0.000185"></testcase>
<testcase classname="spec.console_kit.doctor.checks.adapter_supported_spec" name="ConsoleKit::Doctor::Checks::AdapterSupported when ActiveRecord is loaded when adapter is unsupported returns warn status" file="./spec/console_kit/doctor/checks/adapter_supported_spec.rb" time="0.000155"></testcase>
<testcase classname="spec.console_kit.doctor.checks.adapter_supported_spec" name="ConsoleKit::Doctor::Checks::AdapterSupported when ActiveRecord is loaded when adapter detection raises returns could not detect message" file="./spec/console_kit/doctor/checks/adapter_supported_spec.rb" time="0.000157"></testcase>
<testcase classname="spec.console_kit.doctor.checks.adapter_supported_spec" name="ConsoleKit::Doctor::Checks::AdapterSupported when ActiveRecord is loaded when adapter detection raises returns ok status" file="./spec/console_kit/doctor/checks/adapter_supported_spec.rb" time="0.000150"></testcase>
<testcase classname="spec.console_kit.doctor.checks.adapter_supported_spec" name="ConsoleKit::Doctor::Checks::AdapterSupported when ActiveRecord is loaded when adapter is supported names the adapter in the message" file="./spec/console_kit/doctor/checks/adapter_supported_spec.rb" time="0.000161"></testcase>
<testcase classname="spec.console_kit.doctor.checks.adapter_supported_spec" name="ConsoleKit::Doctor::Checks::AdapterSupported when ActiveRecord is loaded when adapter is supported returns ok status" file="./spec/console_kit/doctor/checks/adapter_supported_spec.rb" time="0.000150"></testcase>
<testcase classname="spec.console_kit.pipeline_context_spec" name="ConsoleKit::PipelineContext defaults scoped to false" file="./spec/console_kit/pipeline_context_spec.rb" time="0.000036"></testcase>
<testcase classname="spec.console_kit.pipeline_context_spec" name="ConsoleKit::PipelineContext allows setting resolved_tenant" file="./spec/console_kit/pipeline_context_spec.rb" time="0.000032"></testcase>
<testcase classname="spec.console_kit.pipeline_context_spec" name="ConsoleKit::PipelineContext defaults resolved_tenant to nil" file="./spec/console_kit/pipeline_context_spec.rb" time="0.000031"></testcase>
<testcase classname="spec.console_kit.pipeline_context_spec" name="ConsoleKit::PipelineContext sets skip_selector to true when requested_tenant is provided" file="./spec/console_kit/pipeline_context_spec.rb" time="0.000030"></testcase>
<testcase classname="spec.console_kit.pipeline_context_spec" name="ConsoleKit::PipelineContext allows reading resolved_shard" file="./spec/console_kit/pipeline_context_spec.rb" time="0.000028"></testcase>
<testcase classname="spec.console_kit.pipeline_context_spec" name="ConsoleKit::PipelineContext defaults shard_active to false" file="./spec/console_kit/pipeline_context_spec.rb" time="0.000028"></testcase>
<testcase classname="spec.console_kit.pipeline_context_spec" name="ConsoleKit::PipelineContext allows reading shard_strategy" file="./spec/console_kit/pipeline_context_spec.rb" time="0.000028"></testcase>
<testcase classname="spec.console_kit.pipeline_context_spec" name="ConsoleKit::PipelineContext allows setting shard_strategy" file="./spec/console_kit/pipeline_context_spec.rb" time="0.000039"></testcase>
<testcase classname="spec.console_kit.pipeline_context_spec" name="ConsoleKit::PipelineContext allows setting resolved_shard" file="./spec/console_kit/pipeline_context_spec.rb" time="0.000029"></testcase>
<testcase classname="spec.console_kit.pipeline_context_spec" name="ConsoleKit::PipelineContext allows setting and reading scoped" file="./spec/console_kit/pipeline_context_spec.rb" time="0.000029"></testcase>
<testcase classname="spec.console_kit.pipeline_context_spec" name="ConsoleKit::PipelineContext defaults skip_selector to false" file="./spec/console_kit/pipeline_context_spec.rb" time="0.000028"></testcase>
<testcase classname="spec.console_kit.pipeline_context_spec" name="ConsoleKit::PipelineContext allows setting shard_active" file="./spec/console_kit/pipeline_context_spec.rb" time="0.000030"></testcase>
<testcase classname="spec.console_kit.pipeline_context_spec" name="ConsoleKit::PipelineContext allows setting and reading config" file="./spec/console_kit/pipeline_context_spec.rb" time="0.000032"></testcase>
<testcase classname="spec.console_kit.pipeline_context_spec" name="ConsoleKit::PipelineContext sets resolved_tenant from requested_tenant" file="./spec/console_kit/pipeline_context_spec.rb" time="0.000028"></testcase>
<testcase classname="spec.console_kit.steps.prompt_applier_spec" name="ConsoleKit::Steps::PromptApplier returns success" file="./spec/console_kit/steps/prompt_applier_spec.rb" time="0.000084"></testcase>
<testcase classname="spec.console_kit.steps.prompt_applier_spec" name="ConsoleKit::Steps::PromptApplier calls Prompt.apply" file="./spec/console_kit/steps/prompt_applier_spec.rb" time="0.000087"></testcase>
<testcase classname="spec.console_kit.prompt_builder_spec" name="ConsoleKit::PromptBuilder#select returns :abort on TTY interrupt" file="./spec/console_kit/prompt_builder_spec.rb" time="0.000198"></testcase>
<testcase classname="spec.console_kit.prompt_builder_spec" name="ConsoleKit::PromptBuilder#choices puts recent tenants first" file="./spec/console_kit/prompt_builder_spec.rb" time="0.000066"></testcase>
<testcase classname="spec.console_kit.prompt_builder_spec" name="ConsoleKit::PromptBuilder#choices marks recent tenants with (recent) label" file="./spec/console_kit/prompt_builder_spec.rb" time="0.000064"></testcase>
<testcase classname="spec.console_kit.prompt_builder_spec" name="ConsoleKit::PromptBuilder#choices deduplicates recent and full tenant lists" file="./spec/console_kit/prompt_builder_spec.rb" time="0.000064"></testcase>
<testcase classname="spec.console_kit.prompt_builder_spec" name="ConsoleKit::PromptBuilder#choices includes all configured tenants" file="./spec/console_kit/prompt_builder_spec.rb" time="0.000061"></testcase>
<testcase classname="spec.console_kit.connections.shard_strategy_factory_spec" name="ConsoleKit::Connections::ShardStrategyFactory.build returns NullShardStrategy when connected_to unavailable" file="./spec/console_kit/connections/shard_strategy_factory_spec.rb" time="0.000144"></testcase>
<testcase classname="spec.console_kit.connections.shard_strategy_factory_spec" name="ConsoleKit::Connections::ShardStrategyFactory.build returns RailsConnectedToStrategy when use_rails_sharding is true and strategy is available" file="./spec/console_kit/connections/shard_strategy_factory_spec.rb" time="0.000116"></testcase>
<testcase classname="spec.console_kit.connections.shard_strategy_factory_spec" name="ConsoleKit::Connections::ShardStrategyFactory.build returns NullShardStrategy when use_rails_sharding is false" file="./spec/console_kit/connections/shard_strategy_factory_spec.rb" time="0.000032"></testcase>
<testcase classname="spec.console_kit.null_benchmarker_spec" name="ConsoleKit::NullBenchmarker returns empty timings" file="./spec/console_kit/null_benchmarker_spec.rb" time="0.000032"></testcase>
<testcase classname="spec.console_kit.null_benchmarker_spec" name="ConsoleKit::NullBenchmarker does not raise on report" file="./spec/console_kit/null_benchmarker_spec.rb" time="0.000032"></testcase>
<testcase classname="spec.console_kit.null_benchmarker_spec" name="ConsoleKit::NullBenchmarker yields block in wrap" file="./spec/console_kit/null_benchmarker_spec.rb" time="0.000025"></testcase>
<testcase classname="spec.console_kit.null_benchmarker_spec" name="ConsoleKit::NullBenchmarker returns nil for slowest_step" file="./spec/console_kit/null_benchmarker_spec.rb" time="0.000024"></testcase>
<testcase classname="spec.console_kit.null_benchmarker_spec" name="ConsoleKit::NullBenchmarker does not raise on start_memory_tracking" file="./spec/console_kit/null_benchmarker_spec.rb" time="0.000027"></testcase>
<testcase classname="spec.console_kit.doctor.reporter_spec" name="ConsoleKit::Doctor::Reporter Result#failure? is true for error status" file="./spec/console_kit/doctor/reporter_spec.rb" time="0.000031"></testcase>
<testcase classname="spec.console_kit.doctor.reporter_spec" name="ConsoleKit::Doctor::Reporter Result#failure? is false for ok status" file="./spec/console_kit/doctor/reporter_spec.rb" time="0.000027"></testcase>
<testcase classname="spec.console_kit.doctor.reporter_spec" name="ConsoleKit::Doctor::Reporter Result#warning? is true for warn status" file="./spec/console_kit/doctor/reporter_spec.rb" time="0.000027"></testcase>
<testcase classname="spec.console_kit.doctor.reporter_spec" name="ConsoleKit::Doctor::Reporter Result#warning? is false for ok status" file="./spec/console_kit/doctor/reporter_spec.rb" time="0.000037"></testcase>
<testcase classname="spec.console_kit.doctor.reporter_spec" name="ConsoleKit::Doctor::Reporter#print with unknown status prints a fallback icon" file="./spec/console_kit/doctor/reporter_spec.rb" time="0.000049"></testcase>
<testcase classname="spec.console_kit.doctor.reporter_spec" name="ConsoleKit::Doctor::Reporter#print with warning results prints summary with warning count" file="./spec/console_kit/doctor/reporter_spec.rb" time="0.000039"></testcase>
<testcase classname="spec.console_kit.doctor.reporter_spec" name="ConsoleKit::Doctor::Reporter#print with warning results prints warn icon" file="./spec/console_kit/doctor/reporter_spec.rb" time="0.000034"></testcase>
<testcase classname="spec.console_kit.doctor.reporter_spec" name="ConsoleKit::Doctor::Reporter#print with error results prints summary with error count" file="./spec/console_kit/doctor/reporter_spec.rb" time="0.000036"></testcase>
<testcase classname="spec.console_kit.doctor.reporter_spec" name="ConsoleKit::Doctor::Reporter#print with error results prints error icon" file="./spec/console_kit/doctor/reporter_spec.rb" time="0.000033"></testcase>
<testcase classname="spec.console_kit.doctor.reporter_spec" name="ConsoleKit::Doctor::Reporter#print with verbose: true prints the check class name" file="./spec/console_kit/doctor/reporter_spec.rb" time="0.000036"></testcase>
<testcase classname="spec.console_kit.doctor.reporter_spec" name="ConsoleKit::Doctor::Reporter#print with all ok results prints summary with check count" file="./spec/console_kit/doctor/reporter_spec.rb" time="0.000036"></testcase>
<testcase classname="spec.console_kit.doctor.reporter_spec" name="ConsoleKit::Doctor::Reporter#print with all ok results prints ok icon and message" file="./spec/console_kit/doctor/reporter_spec.rb" time="0.000033"></testcase>
<testcase classname="spec.console_kit.doctor.reporter_spec" name="ConsoleKit::Doctor::Reporter#print with multiple errors and warnings prints plural warnings in summary" file="./spec/console_kit/doctor/reporter_spec.rb" time="0.000038"></testcase>
<testcase classname="spec.console_kit.doctor.reporter_spec" name="ConsoleKit::Doctor::Reporter#print with multiple errors and warnings prints plural errors in summary" file="./spec/console_kit/doctor/reporter_spec.rb" time="0.000037"></testcase>
<testcase classname="spec.console_kit.doctor.reporter_spec" name="ConsoleKit::Doctor::Reporter#print with verbose: false (default) does not print the check class name" file="./spec/console_kit/doctor/reporter_spec.rb" time="0.000035"></testcase>
<testcase classname="spec.console_kit.tenant_configurator_spec" name="ConsoleKit::TenantConfigurator.configuration_success= calls mark_configured! on Context when set to truthy" file="./spec/console_kit/tenant_configurator_spec.rb" time="0.000098"></testcase>
<testcase classname="spec.console_kit.tenant_configurator_spec" name="ConsoleKit::TenantConfigurator.configuration_success= does not call mark_configured! when set to nil" file="./spec/console_kit/tenant_configurator_spec.rb" time="0.000073"></testcase>
<testcase classname="spec.console_kit.tenant_configurator_spec" name="ConsoleKit::TenantConfigurator.configure_tenant with nil mongo_db skips Mongoid override when mongo_db is nil" file="./spec/console_kit/tenant_configurator_spec.rb" time="0.000165"></testcase>
<testcase classname="spec.console_kit.tenant_configurator_spec" name="ConsoleKit::TenantConfigurator.configure_tenant with missing tenant config returns false" file="./spec/console_kit/tenant_configurator_spec.rb" time="0.000103"></testcase>
<testcase classname="spec.console_kit.tenant_configurator_spec" name="ConsoleKit::TenantConfigurator.configure_tenant with missing tenant config prints error for missing config" file="./spec/console_kit/tenant_configurator_spec.rb" time="0.000125"></testcase>
<testcase classname="spec.console_kit.tenant_configurator_spec" name="ConsoleKit::TenantConfigurator.configure_tenant when Mongoid.override_client fails behaves like prints configuration error prints expected configuration error" file="./spec/console_kit/tenant_configurator_spec.rb" time="0.000192"></testcase>
<testcase classname="spec.console_kit.tenant_configurator_spec" name="ConsoleKit::TenantConfigurator.configure_tenant with valid tenant key sets tenant_shard on context" file="./spec/console_kit/tenant_configurator_spec.rb" time="0.000166"></testcase>
<testcase classname="spec.console_kit.tenant_configurator_spec" name="ConsoleKit::TenantConfigurator.configure_tenant with valid tenant key sets partner_identifier on context" file="./spec/console_kit/tenant_configurator_spec.rb" time="0.000150"></testcase>
<testcase classname="spec.console_kit.tenant_configurator_spec" name="ConsoleKit::TenantConfigurator.configure_tenant with valid tenant key establishes ActiveRecord connection" file="./spec/console_kit/tenant_configurator_spec.rb" time="0.000160"></testcase>
<testcase classname="spec.console_kit.tenant_configurator_spec" name="ConsoleKit::TenantConfigurator.configure_tenant with valid tenant key prints success message" file="./spec/console_kit/tenant_configurator_spec.rb" time="0.000159"></testcase>
<testcase classname="spec.console_kit.tenant_configurator_spec" name="ConsoleKit::TenantConfigurator.configure_tenant with valid tenant key sets tenant_mongo_db on context" file="./spec/console_kit/tenant_configurator_spec.rb" time="0.000154"></testcase>
<testcase classname="spec.console_kit.tenant_configurator_spec" name="ConsoleKit::TenantConfigurator.configure_tenant with valid tenant key sets Mongoid client override" file="./spec/console_kit/tenant_configurator_spec.rb" time="0.000155"></testcase>
<testcase classname="spec.console_kit.tenant_configurator_spec" name="ConsoleKit::TenantConfigurator.configure_tenant with partial constants missing behaves like prints configuration error prints expected configuration error" file="./spec/console_kit/tenant_configurator_spec.rb" time="0.000138"></testcase>
<testcase classname="spec.console_kit.tenant_configurator_spec" name="ConsoleKit::TenantConfigurator.configure_tenant when configuration succeeds is expected to equal true" file="./spec/console_kit/tenant_configurator_spec.rb" time="0.000200"></testcase>
<testcase classname="spec.console_kit.tenant_configurator_spec" name="ConsoleKit::TenantConfigurator.configure_tenant when Mongoid is not defined skips mongo client override without error" file="./spec/console_kit/tenant_configurator_spec.rb" time="0.000066"></testcase>
<testcase classname="spec.console_kit.tenant_configurator_spec" name="ConsoleKit::TenantConfigurator.configure_tenant when ApplicationRecord.establish_connection fails behaves like prints configuration error prints expected configuration error" file="./spec/console_kit/tenant_configurator_spec.rb" time="0.000175"></testcase>
<testcase classname="spec.console_kit.tenant_configurator_spec" name="ConsoleKit::TenantConfigurator.configure_tenant with missing constants behaves like prints configuration error prints expected configuration error" file="./spec/console_kit/tenant_configurator_spec.rb" time="0.000126"></testcase>
<testcase classname="spec.console_kit.tenant_configurator_spec" name="ConsoleKit::TenantConfigurator.configure_tenant when Mongoid does not support override_client skips Mongoid override without error" file="./spec/console_kit/tenant_configurator_spec.rb" time="0.000120"></testcase>
<testcase classname="spec.console_kit.tenant_configurator_spec" name="ConsoleKit::TenantConfigurator.configure_tenant with nil constants behaves like prints configuration error prints expected configuration error" file="./spec/console_kit/tenant_configurator_spec.rb" time="0.000107"></testcase>
<testcase classname="spec.console_kit.tenant_configurator_spec" name="ConsoleKit::TenantConfigurator.configure_tenant when ApplicationRecord is not defined skips establish_connection without error" file="./spec/console_kit/tenant_configurator_spec.rb" time="0.000062"></testcase>
<testcase classname="spec.console_kit.tenant_configurator_spec" name="ConsoleKit::TenantConfigurator.clear prints cleared info message" file="./spec/console_kit/tenant_configurator_spec.rb" time="0.000095"></testcase>
<testcase classname="spec.console_kit.tenant_configurator_spec" name="ConsoleKit::TenantConfigurator.clear is idempotent" file="./spec/console_kit/tenant_configurator_spec.rb" time="0.000098"></testcase>
<testcase classname="spec.console_kit.tenant_configurator_spec" name="ConsoleKit::TenantConfigurator.clear resets partner_identifier to nil" file="./spec/console_kit/tenant_configurator_spec.rb" time="0.000075"></testcase>
<testcase classname="spec.console_kit.tenant_configurator_spec" name="ConsoleKit::TenantConfigurator.clear resets tenant_shard to nil" file="./spec/console_kit/tenant_configurator_spec.rb" time="0.000073"></testcase>
<testcase classname="spec.console_kit.tenant_configurator_spec" name="ConsoleKit::TenantConfigurator.clear resets tenant_mongo_db to nil" file="./spec/console_kit/tenant_configurator_spec.rb" time="0.000077"></testcase>
<testcase classname="spec.console_kit.tenant_configurator_spec" name="ConsoleKit::TenantConfigurator.configure_tenant with empty mongo_db skips Mongoid override when mongo_db is empty string" file="./spec/console_kit/tenant_configurator_spec.rb" time="0.000146"></testcase>
<testcase classname="spec.console_kit.doctor.checks.history_path_writable_spec" name="ConsoleKit::Doctor::Checks::HistoryPathWritable when the history directory is writable includes the path in the message" file="./spec/console_kit/doctor/checks/history_path_writable_spec.rb" time="0.000089"></testcase>
<testcase classname="spec.console_kit.doctor.checks.history_path_writable_spec" name="ConsoleKit::Doctor::Checks::HistoryPathWritable when the history directory is writable returns ok status" file="./spec/console_kit/doctor/checks/history_path_writable_spec.rb" time="0.000076"></testcase>
<testcase classname="spec.console_kit.doctor.checks.history_path_writable_spec" name="ConsoleKit::Doctor::Checks::HistoryPathWritable when the history directory is not writable includes the path in the message" file="./spec/console_kit/doctor/checks/history_path_writable_spec.rb" time="0.000079"></testcase>
<testcase classname="spec.console_kit.doctor.checks.history_path_writable_spec" name="ConsoleKit::Doctor::Checks::HistoryPathWritable when the history directory is not writable returns warn status" file="./spec/console_kit/doctor/checks/history_path_writable_spec.rb" time="0.000073"></testcase>
<testcase classname="spec.console_kit.doctor.check_registry_spec" name="ConsoleKit::Doctor::CheckRegistry.all returns an array of all registered check classes" file="./spec/console_kit/doctor/check_registry_spec.rb" time="0.000032"></testcase>
<testcase classname="spec.console_kit.doctor.check_registry_spec" name="ConsoleKit::Doctor::CheckRegistry.all returns a dup so mutations do not affect the registry" file="./spec/console_kit/doctor/check_registry_spec.rb" time="0.000027"></testcase>
<testcase classname="spec.console_kit.context_spec" name="ConsoleKit::Context.reset! clears current tenant" file="./spec/console_kit/context_spec.rb" time="0.000033"></testcase>
<testcase classname="spec.console_kit.context_spec" name="ConsoleKit::Context.reset! when reset clears the stack leaves no previous tenant to restore" file="./spec/console_kit/context_spec.rb" time="0.000046"></testcase>
<testcase classname="spec.console_kit.context_spec" name="ConsoleKit::Context.push and .pop sets tenant to pushed value" file="./spec/console_kit/context_spec.rb" time="0.000029"></testcase>
<testcase classname="spec.console_kit.context_spec" name="ConsoleKit::Context.push and .pop restores nil when popping last entry" file="./spec/console_kit/context_spec.rb" time="0.000029"></testcase>
<testcase classname="spec.console_kit.context_spec" name="ConsoleKit::Context.push and .pop restores previous tenant after pop" file="./spec/console_kit/context_spec.rb" time="0.000029"></testcase>
<testcase classname="spec.console_kit.context_spec" name="ConsoleKit::Context.push and .pop returns previous tenant from pop" file="./spec/console_kit/context_spec.rb" time="0.000029"></testcase>
<testcase classname="spec.console_kit.context_spec" name="ConsoleKit::Context.mark_configured! sets configuration_success to true" file="./spec/console_kit/context_spec.rb" time="0.000031"></testcase>
<testcase classname="spec.console_kit.context_spec" name="ConsoleKit::Context.mark_configured! preserves the current tenant" file="./spec/console_kit/context_spec.rb" time="0.000030"></testcase>
<testcase classname="spec.console_kit.context_spec" name="ConsoleKit::Context.current returns false configuration_success by default" file="./spec/console_kit/context_spec.rb" time="0.000027"></testcase>
<testcase classname="spec.console_kit.context_spec" name="ConsoleKit::Context.current returns nil tenant by default" file="./spec/console_kit/context_spec.rb" time="0.000026"></testcase>
<testcase classname="spec.console_kit.context_spec" name="ConsoleKit::Context.current returns a Context instance" file="./spec/console_kit/context_spec.rb" time="0.000026"></testcase>
<testcase classname="spec.console_kit.context_spec" name="ConsoleKit::Context#configured? returns true when tenant set and configuration_success true" file="./spec/console_kit/context_spec.rb" time="0.002329"></testcase>
<testcase classname="spec.console_kit.context_spec" name="ConsoleKit::Context#configured? returns false when tenant is nil" file="./spec/console_kit/context_spec.rb" time="0.000032"></testcase>
<testcase classname="spec.console_kit.context_spec" name="ConsoleKit::Context#configured? returns false when tenant set but configuration_success false" file="./spec/console_kit/context_spec.rb" time="0.000030"></testcase>
<testcase classname="spec.console_kit.connections.connection_manager_spec" name="ConsoleKit::Connections::ConnectionManager.available_handlers returns an empty array by default" file="./spec/console_kit/connections/connection_manager_spec.rb" time="0.000028"></testcase>
<testcase classname="spec.console_kit_spec" name="ConsoleKit.switch_tenant! runs SwitchPipeline and returns a result" file="./spec/console_kit_spec.rb" time="0.000096"></testcase>
<testcase classname="spec.console_kit_spec" name="ConsoleKit.show_dashboard= sets show_dashboard on configuration" file="./spec/console_kit_spec.rb" time="0.000034"></testcase>
<testcase classname="spec.console_kit_spec" name="ConsoleKit.current_tenant (shim) reads from Context" file="./spec/console_kit_spec.rb" time="0.000030"></testcase>
<testcase classname="spec.console_kit_spec" name="ConsoleKit.enable_pretty_output enables pretty_output" file="./spec/console_kit_spec.rb" time="0.000032"></testcase>
<testcase classname="spec.console_kit_spec" name="ConsoleKit.enable_pretty_output keeps pretty_output true if already enabled" file="./spec/console_kit_spec.rb" time="0.000031"></testcase>
<testcase classname="spec.console_kit_spec" name="ConsoleKit.status returns a Status instance" file="./spec/console_kit_spec.rb" time="0.000035"></testcase>
<testcase classname="spec.console_kit_spec" name="ConsoleKit.reset_current_tenant returns true when Setup succeeds" file="./spec/console_kit_spec.rb" time="0.000074"></testcase>
<testcase classname="spec.console_kit_spec" name="ConsoleKit.reset_current_tenant returns the value from ConsoleKit::Setup.reset_current_tenant" file="./spec/console_kit_spec.rb" time="0.000065"></testcase>
<testcase classname="spec.console_kit_spec" name="ConsoleKit.reset_current_tenant delegates to ConsoleKit::Setup.reset_current_tenant" file="./spec/console_kit_spec.rb" time="0.000464"></testcase>
<testcase classname="spec.console_kit_spec" name="ConsoleKit configuration accessors allows setting and getting pretty_output" file="./spec/console_kit_spec.rb" time="0.000036"></testcase>
<testcase classname="spec.console_kit_spec" name="ConsoleKit configuration accessors allows setting and getting context_class" file="./spec/console_kit_spec.rb" time="0.000034"></testcase>
<testcase classname="spec.console_kit_spec" name="ConsoleKit configuration accessors allows setting and getting tenants" file="./spec/console_kit_spec.rb" time="0.000031"></testcase>
<testcase classname="spec.console_kit_spec" name="ConsoleKit.current_tenant reflects the latest pushed tenant" file="./spec/console_kit_spec.rb" time="0.000030"></testcase>
<testcase classname="spec.console_kit_spec" name="ConsoleKit.current_tenant reads from Context" file="./spec/console_kit_spec.rb" time="0.000028"></testcase>
<testcase classname="spec.console_kit_spec" name="ConsoleKit.current_tenant returns nil if no tenant is set" file="./spec/console_kit_spec.rb" time="0.000027"></testcase>
<testcase classname="spec.console_kit_spec" name="ConsoleKit pretty_output toggling goes from true to false after disable" file="./spec/console_kit_spec.rb" time="0.000032"></testcase>
<testcase classname="spec.console_kit_spec" name="ConsoleKit pretty_output toggling goes from false to true after enable" file="./spec/console_kit_spec.rb" time="0.000029"></testcase>
<testcase classname="spec.console_kit_spec" name="ConsoleKit.configure memoizes the configuration object" file="./spec/console_kit_spec.rb" time="0.000030"></testcase>
<testcase classname="spec.console_kit_spec" name="ConsoleKit.configure yields the configuration instance to the block" file="./spec/console_kit_spec.rb" time="0.000034"></testcase>
<testcase classname="spec.console_kit_spec" name="ConsoleKit.pretty_output= sets pretty_output on configuration" file="./spec/console_kit_spec.rb" time="0.000030"></testcase>
<testcase classname="spec.console_kit_spec" name="ConsoleKit.disable_pretty_output keeps pretty_output false if already disabled" file="./spec/console_kit_spec.rb" time="0.000031"></testcase>
<testcase classname="spec.console_kit_spec" name="ConsoleKit.disable_pretty_output does not affect tenants" file="./spec/console_kit_spec.rb" time="0.000031"></testcase>
<testcase classname="spec.console_kit_spec" name="ConsoleKit.disable_pretty_output does not affect context_class" file="./spec/console_kit_spec.rb" time="0.000032"></testcase>
<testcase classname="spec.console_kit_spec" name="ConsoleKit.disable_pretty_output disables pretty_output" file="./spec/console_kit_spec.rb" time="0.000028"></testcase>
<testcase classname="spec.console_kit_spec" name="ConsoleKit error class can raise and rescue ConsoleKit::Error" file="./spec/console_kit_spec.rb" time="0.000038"></testcase>
<testcase classname="spec.console_kit_spec" name="ConsoleKit error class defines a custom base error class" file="./spec/console_kit_spec.rb" time="0.000030"></testcase>
<testcase classname="spec.console_kit_spec" name="ConsoleKit default configuration values defaults tenants to nil or empty" file="./spec/console_kit_spec.rb" time="0.001124"></testcase>
<testcase classname="spec.console_kit_spec" name="ConsoleKit default configuration values defaults to pretty_output = false" file="./spec/console_kit_spec.rb" time="0.000035"></testcase>
<testcase classname="spec.console_kit_spec" name="ConsoleKit setup returns a SwitchPipeline::Result" file="./spec/console_kit_spec.rb" time="0.000095"></testcase>
<testcase classname="spec.console_kit_spec" name="ConsoleKit setup responds to setup" file="./spec/console_kit_spec.rb" time="0.000586"></testcase>
<testcase classname="spec.console_kit_spec" name="ConsoleKit configuration sharing shares configuration across threads (module-level config)" file="./spec/console_kit_spec.rb" time="0.000113"></testcase>
<testcase classname="spec.console_kit_spec" name="ConsoleKit configuration sharing retains the configured tenants after thread completes" file="./spec/console_kit_spec.rb" time="0.000082"></testcase>
<testcase classname="spec.console_kit_spec" name="ConsoleKit.with restores tenant after block" file="./spec/console_kit_spec.rb" time="0.000103"></testcase>
<testcase classname="spec.console_kit_spec" name="ConsoleKit.with yields block" file="./spec/console_kit_spec.rb" time="0.000079"></testcase>
<testcase classname="spec.console_kit_spec" name="ConsoleKit version has a semantic version string" file="./spec/console_kit_spec.rb" time="0.000030"></testcase>
<testcase classname="spec.console_kit_spec" name="ConsoleKit version has a version number" file="./spec/console_kit_spec.rb" time="0.000025"></testcase>
<testcase classname="spec.console_kit.generators.doctor_generator_spec" name="ConsoleKit::Generators::DoctorGenerator#require_doctor_files requires all doctor check files without raising" file="./spec/console_kit/generators/doctor_generator_spec.rb" time="0.000516"></testcase>
<testcase classname="spec.console_kit.generators.doctor_generator_spec" name="ConsoleKit::Generators::DoctorGenerator#run_checks when checks produce errors calls exit(1)" file="./spec/console_kit/generators/doctor_generator_spec.rb" time="0.000466"></testcase>
<testcase classname="spec.console_kit.generators.doctor_generator_spec" name="ConsoleKit::Generators::DoctorGenerator#run_checks when all checks pass does not call exit" file="./spec/console_kit/generators/doctor_generator_spec.rb" time="0.000535"></testcase>
<testcase classname="spec.integration.full_console_flow_spec" name="Full console flow ENV override skips selector sets tenant from ENV" file="./spec/integration/full_console_flow_spec.rb" time="0.000244"></testcase>
<testcase classname="spec.integration.full_console_flow_spec" name="Full console flow ConsoleKit.status returns correct tenant after successful switch" file="./spec/integration/full_console_flow_spec.rb" time="0.000199"></testcase>
<testcase classname="spec.integration.full_console_flow_spec" name="Full console flow ConsoleKit.status returns configured true after successful switch" file="./spec/integration/full_console_flow_spec.rb" time="0.000191"></testcase>
<testcase classname="spec.integration.full_console_flow_spec" name="Full console flow before_switch hook with on_error :abort aborts switch when hook raises" file="./spec/integration/full_console_flow_spec.rb" time="0.000218"></testcase>
<testcase classname="spec.integration.full_console_flow_spec" name="Full console flow ConsoleKit.with block switching yields control to the block" file="./spec/integration/full_console_flow_spec.rb" time="0.000186"></testcase>
<testcase classname="spec.integration.full_console_flow_spec" name="Full console flow ConsoleKit.with block switching sets tenant inside block" file="./spec/integration/full_console_flow_spec.rb" time="0.000194"></testcase>
<testcase classname="spec.integration.full_console_flow_spec" name="Full console flow ConsoleKit.with block switching restores tenant after exception in block" file="./spec/integration/full_console_flow_spec.rb" time="0.000224"></testcase>
<testcase classname="spec.integration.full_console_flow_spec" name="Full console flow ConsoleKit.with block switching re-raises exceptions from the block" file="./spec/integration/full_console_flow_spec.rb" time="0.000260"></testcase>
<testcase classname="spec.integration.full_console_flow_spec" name="Full console flow ConsoleKit.with block switching restores tenant after block completes" file="./spec/integration/full_console_flow_spec.rb" time="0.000225"></testcase>
<testcase classname="spec.integration.full_console_flow_spec" name="Full console flow ConsoleKit.with block switching applies the requested tenant constants inside the block" file="./spec/integration/full_console_flow_spec.rb" time="0.000184"></testcase>
<testcase classname="spec.integration.full_console_flow_spec" name="Full console flow before_switch hook fires calls hook with tenant key" file="./spec/integration/full_console_flow_spec.rb" time="0.000195"></testcase>
<testcase classname="spec.integration.full_console_flow_spec" name="Full console flow end-to-end tenant context application applies shard constant to the configured context class" file="./spec/integration/full_console_flow_spec.rb" time="0.000186"></testcase>
<testcase classname="spec.integration.full_console_flow_spec" name="Full console flow end-to-end tenant context application applies tenant constants to the configured context class" file="./spec/integration/full_console_flow_spec.rb" time="0.000234"></testcase>
<testcase classname="spec.generators.console_kit.install_generator_spec" name="ConsoleKit::Generators::InstallGenerator when initializer does not exist includes created in generator output" file="./spec/generators/console_kit/install_generator_spec.rb" time="0.001177"></testcase>
<testcase classname="spec.generators.console_kit.install_generator_spec" name="ConsoleKit::Generators::InstallGenerator when initializer does not exist writes ConsoleKit.configure to initializer" file="./spec/generators/console_kit/install_generator_spec.rb" time="0.000805"></testcase>
<testcase classname="spec.generators.console_kit.install_generator_spec" name="ConsoleKit::Generators::InstallGenerator when initializer does not exist creates config/initializers directory if missing" file="./spec/generators/console_kit/install_generator_spec.rb" time="0.001061"></testcase>
<testcase classname="spec.generators.console_kit.install_generator_spec" name="ConsoleKit::Generators::InstallGenerator when initializer does not exist creates the initializer file" file="./spec/generators/console_kit/install_generator_spec.rb" time="0.001176"></testcase>
<testcase classname="spec.generators.console_kit.install_generator_spec" name="ConsoleKit::Generators::InstallGenerator when initializer does not exist writes context_class config to initializer" file="./spec/generators/console_kit/install_generator_spec.rb" time="0.000742"></testcase>
<testcase classname="spec.generators.console_kit.install_generator_spec" name="ConsoleKit::Generators::InstallGenerator when initializer does not exist includes Setup complete in generator output" file="./spec/generators/console_kit/install_generator_spec.rb" time="0.000722"></testcase>
<testcase classname="spec.generators.console_kit.install_generator_spec" name="ConsoleKit::Generators::InstallGenerator when initializer does not exist writes configure block opener to initializer" file="./spec/generators/console_kit/install_generator_spec.rb" time="0.000749"></testcase>
<testcase classname="spec.generators.console_kit.install_generator_spec" name="ConsoleKit::Generators::InstallGenerator when initializer does not exist writes tenants config to initializer" file="./spec/generators/console_kit/install_generator_spec.rb" time="0.000693"></testcase>
<testcase classname="spec.generators.console_kit.install_generator_spec" name="ConsoleKit::Generators::InstallGenerator with invalid options does not raise error with unknown options" file="./spec/generators/console_kit/install_generator_spec.rb" time="0.000684"></testcase>
<testcase classname="spec.generators.console_kit.install_generator_spec" name="ConsoleKit::Generators::InstallGenerator with output messages outputs modify instructions after creation" file="./spec/generators/console_kit/install_generator_spec.rb" time="0.000692"></testcase>
<testcase classname="spec.generators.console_kit.install_generator_spec" name="ConsoleKit::Generators::InstallGenerator with output messages outputs Setup complete after creation" file="./spec/generators/console_kit/install_generator_spec.rb" time="0.000646"></testcase>
<testcase classname="spec.generators.console_kit.install_generator_spec" name="ConsoleKit::Generators::InstallGenerator when initializer already exists overwrites existing initializer content with --force" file="./spec/generators/console_kit/install_generator_spec.rb" time="0.001233"></testcase>
<testcase classname="spec.generators.console_kit.install_generator_spec" name="ConsoleKit::Generators::InstallGenerator when initializer already exists skips by default if file exists" file="./spec/generators/console_kit/install_generator_spec.rb" time="0.000641"></testcase>
<testcase classname="spec.generators.console_kit.install_generator_spec" name="ConsoleKit::Generators::InstallGenerator when initializer already exists overwrites with --force" file="./spec/generators/console_kit/install_generator_spec.rb" time="0.000901"></testcase>
<testcase classname="spec.generators.console_kit.install_generator_spec" name="ConsoleKit::Generators::InstallGenerator when initializer already exists does not keep old content after --force" file="./spec/generators/console_kit/install_generator_spec.rb" time="0.001164"></testcase>
<testcase classname="spec.generators.console_kit.install_generator_spec" name="ConsoleKit::Generators::InstallGenerator when idempotent is idempotent when run multiple times without --force" file="./spec/generators/console_kit/install_generator_spec.rb" time="0.000627"></testcase>
<testcase classname="spec.console_kit.hook_registry_spec" name="ConsoleKit::HookRegistry#hooks_for returns an empty array for an event with no hooks" file="./spec/console_kit/hook_registry_spec.rb" time="0.000038"></testcase>
<testcase classname="spec.console_kit.hook_registry_spec" name="ConsoleKit::HookRegistry#hooks_for does not return hooks for a different event" file="./spec/console_kit/hook_registry_spec.rb" time="0.000048"></testcase>
<testcase classname="spec.console_kit.hook_registry_spec" name="ConsoleKit::HookRegistry#hooks_for returns registered hooks for an event" file="./spec/console_kit/hook_registry_spec.rb" time="0.000030"></testcase>
<testcase classname="spec.console_kit.hook_registry_spec" name="ConsoleKit::HookRegistry#handle_hook_error (private) does nothing for unrecognised on_error value (defensive else branch)" file="./spec/console_kit/hook_registry_spec.rb" time="0.000037"></testcase>
<testcase classname="spec.console_kit.hook_registry_spec" name="ConsoleKit::HookRegistry#register raises ArgumentError for invalid on_error value" file="./spec/console_kit/hook_registry_spec.rb" time="0.000041"></testcase>
<testcase classname="spec.console_kit.hook_registry_spec" name="ConsoleKit::HookRegistry#run runs multiple hooks in order" file="./spec/console_kit/hook_registry_spec.rb" time="0.000046"></testcase>
<testcase classname="spec.console_kit.hook_registry_spec" name="ConsoleKit::HookRegistry#run does not raise when on_error :warn and hook raises" file="./spec/console_kit/hook_registry_spec.rb" time="0.000043"></testcase>
<testcase classname="spec.console_kit.hook_registry_spec" name="ConsoleKit::HookRegistry#run does not run hooks for different event" file="./spec/console_kit/hook_registry_spec.rb" time="0.000028"></testcase>
<testcase classname="spec.console_kit.hook_registry_spec" name="ConsoleKit::HookRegistry#run calls registered hook with tenant" file="./spec/console_kit/hook_registry_spec.rb" time="0.000026"></testcase>
<testcase classname="spec.console_kit.hook_registry_spec" name="ConsoleKit::HookRegistry#run raises HookError when on_error :abort and hook raises" file="./spec/console_kit/hook_registry_spec.rb" time="0.000039"></testcase>
<testcase classname="spec.console_kit.hook_registry_spec" name="ConsoleKit::HookRegistry#run prints warning when on_error is :warn and hook raises" file="./spec/console_kit/hook_registry_spec.rb" time="0.000108"></testcase>
<testcase classname="spec.console_kit.hook_registry_spec" name="ConsoleKit::HookRegistry#run when first :abort hook fails does not call subsequent hooks" file="./spec/console_kit/hook_registry_spec.rb" time="0.000056"></testcase>
<testcase classname="spec.console_kit.hook_registry_spec" name="ConsoleKit::HookRegistry#run when first :abort hook fails raises HookError" file="./spec/console_kit/hook_registry_spec.rb" time="0.000038"></testcase>
<testcase classname="spec.console_kit.tenant_history_spec" name="ConsoleKit::TenantHistory#recent returns recorded tenants most-recent first" file="./spec/console_kit/tenant_history_spec.rb" time="0.000617"></testcase>
<testcase classname="spec.console_kit.tenant_history_spec" name="ConsoleKit::TenantHistory#recent returns empty array when file does not exist" file="./spec/console_kit/tenant_history_spec.rb" time="0.000050"></testcase>
<testcase classname="spec.console_kit.tenant_history_spec" name="ConsoleKit::TenantHistory#recent respects the limit" file="./spec/console_kit/tenant_history_spec.rb" time="0.001017"></testcase>
<testcase classname="spec.console_kit.tenant_history_spec" name="ConsoleKit::TenantHistory#record does not raise when path is unwritable" file="./spec/console_kit/tenant_history_spec.rb" time="0.000068"></testcase>
<testcase classname="spec.console_kit.tenant_history_spec" name="ConsoleKit::TenantHistory#record deduplicates entries" file="./spec/console_kit/tenant_history_spec.rb" time="0.000498"></testcase>
<testcase classname="spec.console_kit.doctor.checks.tenants_configured_spec" name="ConsoleKit::Doctor::Checks::TenantsConfigured when tenants is :dynamic returns ok status" file="./spec/console_kit/doctor/checks/tenants_configured_spec.rb" time="0.000046"></testcase>
<testcase classname="spec.console_kit.doctor.checks.tenants_configured_spec" name="ConsoleKit::Doctor::Checks::TenantsConfigured when tenants not configured returns error status" file="./spec/console_kit/doctor/checks/tenants_configured_spec.rb" time="0.000037"></testcase>
<testcase classname="spec.console_kit.doctor.checks.tenants_configured_spec" name="ConsoleKit::Doctor::Checks::TenantsConfigured when tenants is an Array returns ok status" file="./spec/console_kit/doctor/checks/tenants_configured_spec.rb" time="0.000035"></testcase>
<testcase classname="spec.console_kit.doctor.checks.tenants_configured_spec" name="ConsoleKit::Doctor::Checks::TenantsConfigured when tenants is an unsupported type (e.g. String) returns error status" file="./spec/console_kit/doctor/checks/tenants_configured_spec.rb" time="0.000037"></testcase>
<testcase classname="spec.console_kit.doctor.checks.tenants_configured_spec" name="ConsoleKit::Doctor::Checks::TenantsConfigured when tenants configured correctly returns ok status" file="./spec/console_kit/doctor/checks/tenants_configured_spec.rb" time="0.000037"></testcase>
<testcase classname="spec.console_kit.steps.base_spec" name="ConsoleKit::Steps::Base raises NotImplementedError when call is not implemented" file="./spec/console_kit/steps/base_spec.rb" time="0.000048"></testcase>
<testcase classname="spec.console_kit.steps.base_spec" name="ConsoleKit::Steps::Base ConsoleKit::Steps::Base::Result reports success? true when success is true" file="./spec/console_kit/steps/base_spec.rb" time="0.000029"></testcase>
<testcase classname="spec.console_kit.steps.base_spec" name="ConsoleKit::Steps::Base ConsoleKit::Steps::Base::Result reports failure? true when success is false" file="./spec/console_kit/steps/base_spec.rb" time="0.000025"></testcase>
<testcase classname="spec.console_kit.configuration_spec" name="ConsoleKit::Configuration#context_class returns class directly when context_class is already a Class" file="./spec/console_kit/configuration_spec.rb" time="0.000036"></testcase>
<testcase classname="spec.console_kit.configuration_spec" name="ConsoleKit::Configuration#context_class resolves context_class from String name" file="./spec/console_kit/configuration_spec.rb" time="0.000032"></testcase>
<testcase classname="spec.console_kit.configuration_spec" name="ConsoleKit::Configuration#context_class returns nil when not set" file="./spec/console_kit/configuration_spec.rb" time="0.000032"></testcase>
<testcase classname="spec.console_kit.configuration_spec" name="ConsoleKit::Configuration#context_class raises Error when String name cannot be resolved" file="./spec/console_kit/configuration_spec.rb" time="0.000051"></testcase>
<testcase classname="spec.console_kit.configuration_spec" name="ConsoleKit::Configuration#context_class resolves context_class from Symbol name" file="./spec/console_kit/configuration_spec.rb" time="0.000032"></testcase>
<testcase classname="spec.console_kit.configuration_spec" name="ConsoleKit::Configuration#tenant_resolver= clears cached tenant_resolver_instance" file="./spec/console_kit/configuration_spec.rb" time="0.000035"></testcase>
<testcase classname="spec.console_kit.configuration_spec" name="ConsoleKit::Configuration#validate returns true when valid" file="./spec/console_kit/configuration_spec.rb" time="0.000034"></testcase>
<testcase classname="spec.console_kit.configuration_spec" name="ConsoleKit::Configuration#validate returns false when invalid" file="./spec/console_kit/configuration_spec.rb" time="0.000031"></testcase>
<testcase classname="spec.console_kit.configuration_spec" name="ConsoleKit::Configuration#validate! raises Error when context_class is blank" file="./spec/console_kit/configuration_spec.rb" time="0.000039"></testcase>
<testcase classname="spec.console_kit.configuration_spec" name="ConsoleKit::Configuration#validate! raises Error when tenants is blank" file="./spec/console_kit/configuration_spec.rb" time="0.000038"></testcase>
<testcase classname="spec.console_kit.configuration_spec" name="ConsoleKit::Configuration#validate! does not raise when fully configured" file="./spec/console_kit/configuration_spec.rb" time="0.000033"></testcase>
<testcase classname="spec.console_kit.configuration_spec" name="ConsoleKit::Configuration#validate! raises Error when tenants is not Hash/Array/:dynamic" file="./spec/console_kit/configuration_spec.rb" time="0.000037"></testcase>
<testcase classname="spec.console_kit.configuration_spec" name="ConsoleKit::Configuration#validate! raises Error when tenants is nil" file="./spec/console_kit/configuration_spec.rb" time="0.000036"></testcase>
<testcase classname="spec.console_kit.configuration_spec" name="ConsoleKit::Configuration new config options defaults required_tenant_keys to [:shard, :partner_code]" file="./spec/console_kit/configuration_spec.rb" time="0.000033"></testcase>
<testcase classname="spec.console_kit.configuration_spec" name="ConsoleKit::Configuration new config options defaults use_rails_sharding to false" file="./spec/console_kit/configuration_spec.rb" time="0.000030"></testcase>
<testcase classname="spec.console_kit.configuration_spec" name="ConsoleKit::Configuration new config options defaults recent_tenant_history_path to ~/.console_kit_history" file="./spec/console_kit/configuration_spec.rb" time="0.000029"></testcase>
<testcase classname="spec.console_kit.configuration_spec" name="ConsoleKit::Configuration new config options defaults env_tenant_key to CONSOLE_KIT_TENANT" file="./spec/console_kit/configuration_spec.rb" time="0.000029"></testcase>
<testcase classname="spec.console_kit.configuration_spec" name="ConsoleKit::Configuration new config options defaults benchmark to false" file="./spec/console_kit/configuration_spec.rb" time="0.000029"></testcase>
<testcase classname="spec.console_kit.configuration_spec" name="ConsoleKit::Configuration new config options defaults default_shard to :default" file="./spec/console_kit/configuration_spec.rb" time="0.000028"></testcase>
<testcase classname="spec.console_kit.configuration_spec" name="ConsoleKit::Configuration new config options defaults confirm_dangerous_context to false" file="./spec/console_kit/configuration_spec.rb" time="0.000029"></testcase>
<testcase classname="spec.console_kit.configuration_spec" name="ConsoleKit::Configuration new config options defaults production_environments to [production]" file="./spec/console_kit/configuration_spec.rb" time="0.000028"></testcase>
<testcase classname="spec.console_kit.configuration_spec" name="ConsoleKit::Configuration new config options registers after_switch hook via DSL" file="./spec/console_kit/configuration_spec.rb" time="0.000031"></testcase>
<testcase classname="spec.console_kit.configuration_spec" name="ConsoleKit::Configuration new config options defaults recent_tenant_limit to 5" file="./spec/console_kit/configuration_spec.rb" time="0.000028"></testcase>
<testcase classname="spec.console_kit.configuration_spec" name="ConsoleKit::Configuration new config options exposes hook_registry" file="./spec/console_kit/configuration_spec.rb" time="0.000029"></testcase>
<testcase classname="spec.console_kit.configuration_spec" name="ConsoleKit::Configuration new config options defaults shard_role to :writing" file="./spec/console_kit/configuration_spec.rb" time="0.000028"></testcase>
<testcase classname="spec.console_kit.configuration_spec" name="ConsoleKit::Configuration new config options defaults context_field_mapping with partner_identifier key" file="./spec/console_kit/configuration_spec.rb" time="0.000036"></testcase>
<testcase classname="spec.console_kit.configuration_spec" name="ConsoleKit::Configuration new config options defaults protected_tenants to empty array" file="./spec/console_kit/configuration_spec.rb" time="0.000028"></testcase>
<testcase classname="spec.console_kit.configuration_spec" name="ConsoleKit::Configuration new config options registers before_switch hook via DSL" file="./spec/console_kit/configuration_spec.rb" time="0.000031"></testcase>
<testcase classname="spec.console_kit.configuration_spec" name="ConsoleKit::Configuration#pipeline_steps returns custom steps when pipeline_steps is set" file="./spec/console_kit/configuration_spec.rb" time="0.000039"></testcase>
<testcase classname="spec.console_kit.configuration_spec" name="ConsoleKit::Configuration#pipeline_steps returns StepRegistry.ordered by default" file="./spec/console_kit/configuration_spec.rb" time="0.000034"></testcase>
<testcase classname="spec.console_kit.benchmarker_spec" name="ConsoleKit::Benchmarker#report does not raise when no steps were recorded" file="./spec/console_kit/benchmarker_spec.rb" time="0.000059"></testcase>
<testcase classname="spec.console_kit.benchmarker_spec" name="ConsoleKit::Benchmarker#report without memory tracking does not output memory delta" file="./spec/console_kit/benchmarker_spec.rb" time="0.000055"></testcase>
<testcase classname="spec.console_kit.benchmarker_spec" name="ConsoleKit::Benchmarker#report with memory tracking enabled outputs step name" file="./spec/console_kit/benchmarker_spec.rb" time="0.012636"></testcase>
<testcase classname="spec.console_kit.benchmarker_spec" name="ConsoleKit::Benchmarker#report with memory tracking enabled outputs ms unit" file="./spec/console_kit/benchmarker_spec.rb" time="0.012629"></testcase>
<testcase classname="spec.console_kit.benchmarker_spec" name="ConsoleKit::Benchmarker#report with memory tracking enabled outputs tenant key" file="./spec/console_kit/benchmarker_spec.rb" time="0.012635"></testcase>
[...]
<testcase classname="spec.console_kit.steps.safeguard_check_spec" name="ConsoleKit::Steps::SafeguardCheck when in production environment when confirm_dangerous_context is true returns false when Interrupt is raised during confirmation" file="./spec/console_kit/steps/safeguard_check_spec.rb" time="0.000323"></testcase>
<testcase classname="spec.console_kit.steps.safeguard_check_spec" name="ConsoleKit::Steps::SafeguardCheck when Rails is not defined and only RACK_ENV is set detects production via RACK_ENV" file="./spec/console_kit/steps/safeguard_check_spec.rb" time="0.000185"></testcase>
<testcase classname="spec.console_kit.steps.safeguard_check_spec" name="ConsoleKit::Steps::SafeguardCheck when Rails is not defined and no env vars set defaults to development and returns success" file="./spec/console_kit/steps/safeguard_check_spec.rb" time="0.000125"></testcase>
<testcase classname="spec.console_kit.steps.safeguard_check_spec" name="ConsoleKit::Steps::SafeguardCheck when tenant is protected prints banner for protected tenant" file="./spec/console_kit/steps/safeguard_check_spec.rb" time="0.000155"></testcase>
<testcase classname="spec.console_kit.version_spec" name="ConsoleKit::VERSION follows semantic versioning format" file="./spec/console_kit/version_spec.rb" time="0.000039"></testcase>
<testcase classname="spec.console_kit.version_spec" name="ConsoleKit::VERSION is defined as a String" file="./spec/console_kit/version_spec.rb" time="0.000034"></testcase>
<testcase classname="spec.console_kit.steps.before_hooks_spec" name="ConsoleKit::Steps::BeforeHooks returns success when no hooks registered" file="./spec/console_kit/steps/before_hooks_spec.rb" time="0.000048"></testcase>
<testcase classname="spec.console_kit.steps.before_hooks_spec" name="ConsoleKit::Steps::BeforeHooks runs registered before_switch hook" file="./spec/console_kit/steps/before_hooks_spec.rb" time="0.000045"></testcase>
<testcase classname="spec.console_kit.steps.before_hooks_spec" name="ConsoleKit::Steps::BeforeHooks returns failure when hook raises with on_error :abort" file="./spec/console_kit/steps/before_hooks_spec.rb" time="0.000049"></testcase>
<testcase classname="spec.console_kit.tenant_selector_spec" name="ConsoleKit::TenantSelector when validating integer inputs strips surrounding whitespace from input" file="./spec/console_kit/tenant_selector_spec.rb" time="0.000139"></testcase>
<testcase classname="spec.console_kit.tenant_selector_spec" name="ConsoleKit::TenantSelector when validating integer inputs warns about input selection being out of range" file="./spec/console_kit/tenant_selector_spec.rb" time="0.000267"></testcase>
<testcase classname="spec.console_kit.tenant_selector_spec" name="ConsoleKit::TenantSelector when validating integer inputs returns false for empty string" file="./spec/console_kit/tenant_selector_spec.rb" time="0.000038"></testcase>
<testcase classname="spec.console_kit.tenant_selector_spec" name="ConsoleKit::TenantSelector when validating integer inputs treats nil from gets as empty input and defaults to first tenant" file="./spec/console_kit/tenant_selector_spec.rb" time="0.000105"></testcase>
<testcase classname="spec.console_kit.tenant_selector_spec" name="ConsoleKit::TenantSelector when validating integer inputs returns true for zero" file="./spec/console_kit/tenant_selector_spec.rb" time="0.000033"></testcase>
<testcase classname="spec.console_kit.tenant_selector_spec" name="ConsoleKit::TenantSelector when validating integer inputs returns true for multi-digit numbers" file="./spec/console_kit/tenant_selector_spec.rb" time="0.000032"></testcase>
<testcase classname="spec.console_kit.tenant_selector_spec" name="ConsoleKit::TenantSelector when validating integer inputs uses &quot;1&quot; when user presses enter (empty input)" file="./spec/console_kit/tenant_selector_spec.rb" time="0.000145"></testcase>
<testcase classname="spec.console_kit.tenant_selector_spec" name="ConsoleKit::TenantSelector when validating integer inputs returns false for non-digit inputs" file="./spec/console_kit/tenant_selector_spec.rb" time="0.000034"></testcase>
<testcase classname="spec.console_kit.tenant_selector_spec" name="ConsoleKit::TenantSelector when validating integer inputs returns false for alphanumeric inputs" file="./spec/console_kit/tenant_selector_spec.rb" time="0.000032"></testcase>
<testcase classname="spec.console_kit.tenant_selector_spec" name="ConsoleKit::TenantSelector when invalid input is given retries on invalid inputs then succeeds on a valid input" file="./spec/console_kit/tenant_selector_spec.rb" time="0.000151"></testcase>
<testcase classname="spec.console_kit.tenant_selector_spec" name="ConsoleKit::TenantSelector when invalid input is given reprints the menu after invalid inputs before final retry" file="./spec/console_kit/tenant_selector_spec.rb" time="0.000324"></testcase>
<testcase classname="spec.console_kit.tenant_selector_spec" name="ConsoleKit::TenantSelector when invalid input is given retries up to 3 times and returns nil if never valid" file="./spec/console_kit/tenant_selector_spec.rb" time="0.000253"></testcase>
<testcase classname="spec.console_kit.tenant_selector_spec" name="ConsoleKit::TenantSelector when valid input is given returns nil if user selects 0 (load without tenant)" file="./spec/console_kit/tenant_selector_spec.rb" time="0.000106"></testcase>
<testcase classname="spec.console_kit.tenant_selector_spec" name="ConsoleKit::TenantSelector when valid input is given defaults to &quot;1&quot; if input is empty" file="./spec/console_kit/tenant_selector_spec.rb" time="0.000103"></testcase>
<testcase classname="spec.console_kit.tenant_selector_spec" name="ConsoleKit::TenantSelector when valid input is given returns the selected tenant key for input &quot;1&quot;" file="./spec/console_kit/tenant_selector_spec.rb" time="0.000101"></testcase>
<testcase classname="spec.console_kit.tenant_selector_spec" name="ConsoleKit::TenantSelector when valid input is given returns the selected tenant key for input &quot;2&quot;" file="./spec/console_kit/tenant_selector_spec.rb" time="0.000099"></testcase>
<testcase classname="spec.console_kit.doctor.checks.base_spec" name="ConsoleKit::Doctor::Checks::Base#call raises NotImplementedError" file="./spec/console_kit/doctor/checks/base_spec.rb" time="0.000054"></testcase>
<testcase classname="spec.console_kit.tenant_resolver_spec" name="ConsoleKit::TenantResolver.build — Array format reports correct size" file="./spec/console_kit/tenant_resolver_spec.rb" time="0.000043"></testcase>
<testcase classname="spec.console_kit.tenant_resolver_spec" name="ConsoleKit::TenantResolver.build — Array format returns nil when proc returns nil" file="./spec/console_kit/tenant_resolver_spec.rb" time="0.000036"></testcase>
<testcase classname="spec.console_kit.tenant_resolver_spec" name="ConsoleKit::TenantResolver.build — Array format resolves via proc" file="./spec/console_kit/tenant_resolver_spec.rb" time="0.000038"></testcase>
<testcase classname="spec.console_kit.tenant_resolver_spec" name="ConsoleKit::TenantResolver.build — Array format reports any? true" file="./spec/console_kit/tenant_resolver_spec.rb" time="0.000035"></testcase>
<testcase classname="spec.console_kit.tenant_resolver_spec" name="ConsoleKit::TenantResolver.build — Array format returns nil when resolver_proc is nil (safe navigation &amp;.)" file="./spec/console_kit/tenant_resolver_spec.rb" time="0.000032"></testcase>
<testcase classname="spec.console_kit.tenant_resolver_spec" name="ConsoleKit::TenantResolver.build — Array format returns all keys from array" file="./spec/console_kit/tenant_resolver_spec.rb" time="0.000033"></testcase>
<testcase classname="spec.console_kit.tenant_resolver_spec" name="ConsoleKit::TenantResolver.build — :dynamic format resolves via proc" file="./spec/console_kit/tenant_resolver_spec.rb" time="0.000042"></testcase>
<testcase classname="spec.console_kit.tenant_resolver_spec" name="ConsoleKit::TenantResolver.build — :dynamic format returns nil for unknown key" file="./spec/console_kit/tenant_resolver_spec.rb" time="0.000032"></testcase>
<testcase classname="spec.console_kit.tenant_resolver_spec" name="ConsoleKit::TenantResolver.build — :dynamic format returns nil when resolver_proc is nil (safe navigation &amp;.)" file="./spec/console_kit/tenant_resolver_spec.rb" time="0.000137"></testcase>
<testcase classname="spec.console_kit.tenant_resolver_spec" name="ConsoleKit::TenantResolver.build — :dynamic format reports any? true" file="./spec/console_kit/tenant_resolver_spec.rb" time="0.000036"></testcase>
<testcase classname="spec.console_kit.tenant_resolver_spec" name="ConsoleKit::TenantResolver.build — :dynamic format raises for size" file="./spec/console_kit/tenant_resolver_spec.rb" time="0.000045"></testcase>
<testcase classname="spec.console_kit.tenant_resolver_spec" name="ConsoleKit::TenantResolver.build — :dynamic format raises when all_keys called" file="./spec/console_kit/tenant_resolver_spec.rb" time="0.000046"></testcase>
<testcase classname="spec.console_kit.tenant_resolver_spec" name="ConsoleKit::TenantResolver.build — invalid format raises Error for unsupported format" file="./spec/console_kit/tenant_resolver_spec.rb" time="0.000040"></testcase>
<testcase classname="spec.console_kit.tenant_resolver_spec" name="ConsoleKit::TenantResolver.build — Hash format reports correct size" file="./spec/console_kit/tenant_resolver_spec.rb" time="0.000036"></testcase>
<testcase classname="spec.console_kit.tenant_resolver_spec" name="ConsoleKit::TenantResolver.build — Hash format returns nil for unknown key" file="./spec/console_kit/tenant_resolver_spec.rb" time="0.000033"></testcase>
<testcase classname="spec.console_kit.tenant_resolver_spec" name="ConsoleKit::TenantResolver.build — Hash format returns all keys" file="./spec/console_kit/tenant_resolver_spec.rb" time="0.000032"></testcase>
<testcase classname="spec.console_kit.tenant_resolver_spec" name="ConsoleKit::TenantResolver.build — Hash format resolves constants for key" file="./spec/console_kit/tenant_resolver_spec.rb" time="0.000032"></testcase>
<testcase classname="spec.console_kit.tenant_resolver_spec" name="ConsoleKit::TenantResolver.build — Hash format reports any? true" file="./spec/console_kit/tenant_resolver_spec.rb" time="0.000033"></testcase>
<testcase classname="spec.console_kit.doctor.checks.context_class_resolvable_spec" name="ConsoleKit::Doctor::Checks::ContextClassResolvable when context_class cannot be resolved includes the class name in the message" file="./spec/console_kit/doctor/checks/context_class_resolvable_spec.rb" time="0.000061"></testcase>
<testcase classname="spec.console_kit.doctor.checks.context_class_resolvable_spec" name="ConsoleKit::Doctor::Checks::ContextClassResolvable when context_class cannot be resolved returns error status" file="./spec/console_kit/doctor/checks/context_class_resolvable_spec.rb" time="0.000045"></testcase>
<testcase classname="spec.console_kit.doctor.checks.context_class_resolvable_spec" name="ConsoleKit::Doctor::Checks::ContextClassResolvable when context_class resolves to a valid constant returns ok status" file="./spec/console_kit/doctor/checks/context_class_resolvable_spec.rb" time="0.000042"></testcase>
<testcase classname="spec.console_kit.doctor.checks.context_class_resolvable_spec" name="ConsoleKit::Doctor::Checks::ContextClassResolvable when context_class resolves to a valid constant returns resolves message" file="./spec/console_kit/doctor/checks/context_class_resolvable_spec.rb" time="0.000040"></testcase>
<testcase classname="spec.console_kit.doctor.checks.sharding_compatibility_spec" name="ConsoleKit::Doctor::Checks::ShardingCompatibility returns ok when sharding disabled" file="./spec/console_kit/doctor/checks/sharding_compatibility_spec.rb" time="0.000042"></testcase>
<testcase classname="spec.console_kit.doctor.checks.sharding_compatibility_spec" name="ConsoleKit::Doctor::Checks::ShardingCompatibility returns error when sharding enabled but Rails &lt; 6.1" file="./spec/console_kit/doctor/checks/sharding_compatibility_spec.rb" time="0.000069"></testcase>
<testcase classname="spec.console_kit.doctor.checks.sharding_compatibility_spec" name="ConsoleKit::Doctor::Checks::ShardingCompatibility returns error when sharding enabled but Rails not defined" file="./spec/console_kit/doctor/checks/sharding_compatibility_spec.rb" time="0.000045"></testcase>
<testcase classname="spec.console_kit.doctor.checks.sharding_compatibility_spec" name="ConsoleKit::Doctor::Checks::ShardingCompatibility returns ok when sharding enabled and Rails &gt;= 6.1" file="./spec/console_kit/doctor/checks/sharding_compatibility_spec.rb" time="0.000052"></testcase>
<testcase classname="spec.console_kit.tenant_orchestrator_spec" name="ConsoleKit::TenantOrchestrator.run runs SwitchPipeline and returns a result" file="./spec/console_kit/tenant_orchestrator_spec.rb" time="0.000218"></testcase>
<testcase classname="spec.console_kit.tenant_orchestrator_spec" name="ConsoleKit::TenantOrchestrator.reset resets the Context" file="./spec/console_kit/tenant_orchestrator_spec.rb" time="0.000049"></testcase>
<testcase classname="spec.console_kit.tenant_orchestrator_spec" name="ConsoleKit::TenantOrchestrator.current_tenant returns nil when no tenant set" file="./spec/console_kit/tenant_orchestrator_spec.rb" time="0.000043"></testcase>
<testcase classname="spec.console_kit.tenant_orchestrator_spec" name="ConsoleKit::TenantOrchestrator.current_tenant returns the current tenant from Context" file="./spec/console_kit/tenant_orchestrator_spec.rb" time="0.000041"></testcase>
<testcase classname="spec.console_kit.tenant_orchestrator_spec" name="ConsoleKit::TenantOrchestrator.auto_select? handles nil tenants (safe navigation nil branch)" file="./spec/console_kit/tenant_orchestrator_spec.rb" time="0.000140"></testcase>
<testcase classname="spec.console_kit.tenant_orchestrator_spec" name="ConsoleKit::TenantOrchestrator.auto_select? returns true when only one tenant is configured" file="./spec/console_kit/tenant_orchestrator_spec.rb" time="0.000087"></testcase>
<testcase classname="spec.console_kit.tenant_orchestrator_spec" name="ConsoleKit::TenantOrchestrator.auto_select? returns false when stdin is not a tty and multiple tenants" file="./spec/console_kit/tenant_orchestrator_spec.rb" time="0.000127"></testcase>
<testcase classname="spec.console_kit.tenant_orchestrator_spec" name="ConsoleKit::TenantOrchestrator.reapply does nothing when context is not configured" file="./spec/console_kit/tenant_orchestrator_spec.rb" time="0.000047"></testcase>
<testcase classname="spec.console_kit.tenant_orchestrator_spec" name="ConsoleKit::TenantOrchestrator.reapply when context is configured runs pipeline" file="./spec/console_kit/tenant_orchestrator_spec.rb" time="0.000120"></testcase>
<testcase classname="spec.console_kit.prompt_spec" name="ConsoleKit::Prompt#tenant_label returns tenant with env label" file="./spec/console_kit/prompt_spec.rb" time="0.000139"></testcase>
<testcase classname="spec.console_kit.prompt_spec" name="ConsoleKit::Prompt#tenant_label returns no-tenant when tenant is nil" file="./spec/console_kit/prompt_spec.rb" time="0.000180"></testcase>
<testcase classname="spec.console_kit.prompt_spec" name="ConsoleKit::Prompt#tenant_label includes tenant and env in label format" file="./spec/console_kit/prompt_spec.rb" time="0.000151"></testcase>
<testcase classname="spec.console_kit.prompt_spec" name="ConsoleKit::Prompt rails_or_env_var returns RAILS_ENV from ENV when Rails not defined" file="./spec/console_kit/prompt_spec.rb" time="0.000116"></testcase>
<testcase classname="spec.console_kit.prompt_spec" name="ConsoleKit::Prompt rails_or_env_var returns Rails.env when Rails responds to :env" file="./spec/console_kit/prompt_spec.rb" time="0.000112"></testcase>
<testcase classname="spec.console_kit.prompt_spec" name="ConsoleKit::Prompt rails_or_env_var returns unknown when Rails absent and no RAILS_ENV" file="./spec/console_kit/prompt_spec.rb" time="0.000112"></testcase>
<testcase classname="spec.console_kit.prompt_spec" name="ConsoleKit::Prompt.apply returns early when neither IRB nor Pry are defined" file="./spec/console_kit/prompt_spec.rb" time="0.000106"></testcase>
<testcase classname="spec.console_kit.prompt_spec" name="ConsoleKit::Prompt.apply when both IRB and Pry are defined sets IRB PROMPT_MODE" file="./spec/console_kit/prompt_spec.rb" time="0.000204"></testcase>
<testcase classname="spec.console_kit.prompt_spec" name="ConsoleKit::Prompt.apply when both IRB and Pry are defined configures Pry prompt" file="./spec/console_kit/prompt_spec.rb" time="0.000268"></testcase>
<testcase classname="spec.console_kit.prompt_spec" name="ConsoleKit::Prompt.apply when Pry is defined configures Pry prompt" file="./spec/console_kit/prompt_spec.rb" time="0.000199"></testcase>
<testcase classname="spec.console_kit.prompt_spec" name="ConsoleKit::Prompt.apply when Pry is defined prompt proc includes &gt;" file="./spec/console_kit/prompt_spec.rb" time="0.000187"></testcase>
<testcase classname="spec.console_kit.prompt_spec" name="ConsoleKit::Prompt.apply when IRB is defined does not raise" file="./spec/console_kit/prompt_spec.rb" time="0.000148"></testcase>
<testcase classname="spec.console_kit.prompt_spec" name="ConsoleKit::Prompt.apply when IRB is defined sets PROMPT_MODE to CONSOLE_KIT" file="./spec/console_kit/prompt_spec.rb" time="0.000144"></testcase>
<testcase classname="spec.console_kit.doctor.checks.tenant_keys_unique_spec" name="ConsoleKit::Doctor::Checks::TenantKeysUnique when tenants is :dynamic returns dynamic mode message" file="./spec/console_kit/doctor/checks/tenant_keys_unique_spec.rb" time="0.000053"></testcase>
<testcase classname="spec.console_kit.doctor.checks.tenant_keys_unique_spec" name="ConsoleKit::Doctor::Checks::TenantKeysUnique when tenants is :dynamic returns ok status" file="./spec/console_kit/doctor/checks/tenant_keys_unique_spec.rb" time="0.000041"></testcase>
<testcase classname="spec.console_kit.doctor.checks.tenant_keys_unique_spec" name="ConsoleKit::Doctor::Checks::TenantKeysUnique when tenants have unique keys returns unique message" file="./spec/console_kit/doctor/checks/tenant_keys_unique_spec.rb" time="0.000046"></testcase>
<testcase classname="spec.console_kit.doctor.checks.tenant_keys_unique_spec" name="ConsoleKit::Doctor::Checks::TenantKeysUnique when tenants have unique keys returns ok status" file="./spec/console_kit/doctor/checks/tenant_keys_unique_spec.rb" time="0.000041"></testcase>
<testcase classname="spec.console_kit.doctor.checks.tenant_keys_unique_spec" name="ConsoleKit::Doctor::Checks::TenantKeysUnique when no tenants configured returns ok status" file="./spec/console_kit/doctor/checks/tenant_keys_unique_spec.rb" time="0.000038"></testcase>
<testcase classname="spec.console_kit.doctor.checks.tenant_keys_unique_spec" name="ConsoleKit::Doctor::Checks::TenantKeysUnique when no tenants configured returns no-tenants message" file="./spec/console_kit/doctor/checks/tenant_keys_unique_spec.rb" time="0.000036"></testcase>
<testcase classname="spec.console_kit.doctor.checks.tenant_keys_unique_spec" name="ConsoleKit::Doctor::Checks::TenantKeysUnique when tenant keys are duplicated after stringification names the duplicate key in the message" file="./spec/console_kit/doctor/checks/tenant_keys_unique_spec.rb" time="0.000103"></testcase>
<testcase classname="spec.console_kit.doctor.checks.tenant_keys_unique_spec" name="ConsoleKit::Doctor::Checks::TenantKeysUnique when tenant keys are duplicated after stringification returns error status" file="./spec/console_kit/doctor/checks/tenant_keys_unique_spec.rb" time="0.000091"></testcase>
</testsuite>
